<?xml version="1.0" encoding="UTF-8"?>
<beans xmlns="http://www.springframework.org/schema/beans"
	xmlns:p="http://www.springframework.org/schema/p" xmlns:xsi="http://www.w3.org/2001/XMLSchema-instance"
	xmlns:context="http://www.springframework.org/schema/context"
	xsi:schemaLocation="
        http://www.springframework.org/schema/beans 
        http://www.springframework.org/schema/beans/spring-beans-3.0.xsd        
        http://www.springframework.org/schema/context 
        http://www.springframework.org/schema/context/spring-context-3.0.xsd">

	<!--
		Configure spring to give a hook to axis2 without a ServletContext
	-->
	


	<bean id="propertyConfigurer"
		class="org.springframework.beans.factory.config.PropertyPlaceholderConfigurer">
		<property name="locations">
			<list>
				<!-- 本地环境 --> 
				<value>classpath:dataSource_local.properties</value>
			</list>
		</property>
	</bean>
	
	
	<bean id="dataSource" class="org.apache.commons.dbcp.BasicDataSource" destroy-method="close">
		<property name="url"><value>${jdbc.url}</value></property>
		<property name="driverClassName"><value>${jdbc.driver}</value></property>
		<property name="username"><value>${jdbc.username}</value></property>
		<property name="password"><value>${jdbc.password}</value></property>
		<property name="initialSize"><value>${jdbc.initialSize}</value></property>
		<property name="maxIdle"><value>${jdbc.maxIdle}</value></property>
		<property name="minIdle"><value>${jdbc.minIdle}</value></property>
		<property name="maxActive"><value>${jdbc.maxActive}</value></property>
		
		<!-- 是否自动回收超时连接 -->
		<property name="removeAbandoned"><value>true</value></property>
		<!-- 超时没有使用的活动连接,清理后并没有放回连接池(以秒数为单位) -->
		<property name="removeAbandonedTimeout"><value>180</value></property>
		<property name="maxWait"><value>${jdbc.maxWait}</value></property>
		<!-- 空闲时是否验证, 若不通过断掉连接, 前提是空闲对象回收器开启状态-->
		<property name="testWhileIdle"><value>true</value></property>
		<!-- 在空闲连接回收器线程运行期间休眠的时间值,以毫秒为单位. 如果设置为非正数,则不运行空闲连接回收器线程-->
		<property name="timeBetweenEvictionRunsMillis"><value>${jdbc.timeBetweenEvictionRunsMillis}</value></property>
		<property name="validationQuery" value="select 1" />
	</bean>

	<bean id="sqlSessionFactoryCommon" class="org.mybatis.spring.SqlSessionFactoryBean">
		<property name="typeAliasesPackage" value="com.duanqu.common.model" />
		<property name="dataSource" ref="dataSource" />
	</bean>
	<!--
		<bean class="org.mybatis.spring.mapper.MapperScannerConfigurer">
		<property name="basePackage" value="com.danqoo.maper" /> </bean>
	-->
	<bean id="transactionManager"
		class="org.springframework.jdbc.datasource.DataSourceTransactionManager">
		<property name="dataSource">
			<ref bean="dataSource" />
		</property>
	</bean>

	<bean id="baseTxProxy" abstract="true" lazy-init="false"
		class="org.springframework.transaction.interceptor.TransactionProxyFactoryBean">

		<property name="transactionAttributes">
			<props>
				<prop key="insert*">PROPAGATION_REQUIRED,-Exception</prop>
				<prop key="update*">PROPAGATION_REQUIRED,-Exception</prop>
				<prop key="delete*">PROPAGATION_REQUIRED,-Exception</prop>
				<prop key="edit*">PROPAGATION_REQUIRED,-Exception</prop>
				<prop key="add*">PROPAGATION_REQUIRED,-Exception</prop>
				<prop key="apply*">PROPAGATION_REQUIRED,-Exception</prop>
				<prop key="attach*">PROPAGATION_REQUIRED,-Exception</prop>
				<prop key="change*">PROPAGATION_REQUIRED,-Exception</prop>
				<prop key="find*">PROPAGATION_NOT_SUPPORTED</prop>
				<prop key="get*">PROPAGATION_NOT_SUPPORTED</prop>
				<prop key="load*">PROPAGATION_NOT_SUPPORTED</prop>
				<prop key="search*">PROPAGATION_NOT_SUPPORTED</prop>
			</props>
		</property>
	</bean>


	<bean id="baseMapper" class="org.mybatis.spring.mapper.MapperFactoryBean"
		abstract="true" lazy-init="true">
		<property name="sqlSessionFactory" ref="sqlSessionFactoryCommon" />
	</bean>

	<bean id="userMapper" parent="baseMapper">
		<property name="mapperInterface" value="com.duanqu.common.dao.demo.UserMapper" />
	</bean>
	
	<bean id="friendMapper" parent="baseMapper">
		<property name="mapperInterface" value="com.duanqu.common.dao.user.FriendMapper" />
	</bean>
	
</beans>